<?xml version="1.0" encoding="UTF-8"?>
<testsuite xmlns:xsi="http://www.w3.org/2001/XMLSchema-instance" xsi:noNamespaceSchemaLocation="https://maven.apache.org/surefire/maven-surefire-plugin/xsd/surefire-test-report-3.0.xsd" version="3.0" name="com.scholartrack.ScholarTrackApplicationTests" time="15.331" tests="1" errors="0" skipped="0" failures="0">
  <properties>
[...]
</properties>
  <testcase name="contextLoads" classname="com.scholartrack.ScholarTrackApplicationTests" time="1.227">
    <system-out><![CDATA[12:07:16.271 [main] INFO org.springframework.test.context.support.AnnotationConfigContextLoaderUtils -- Could not detect default configuration classes for test class [com.scholartrack.ScholarTrackApplicationTests]: ScholarTrackApplicationTests does not declare any static, non-private, non-final, nested classes annotated with @Configuration.
12:07:16.605 [main] INFO org.springframework.boot.test.context.SpringBootTestContextBootstrapper -- Found @SpringBootConfiguration com.scholartrack.ScholarTrackApplication for test class com.scholartrack.ScholarTrackApplicationTests

  .   ____          _            __ _ _
 /\\ / ___'_ __ _ _(_)_ __  __ _ \ \ \ \
( ( )\___ | '_ | '_| | '_ \/ _` | \ \ \ \
 \\/  ___)| |_)| | | | | || (_| |  ) ) ) )
  '  |____| .__|_| |_|_| |_\__, | / / / /
 =========|_|==============|___/=/_/_/_/

 :: Spring Boot ::                (v3.3.4)

2025-10-13T12:07:17.778+02:00  INFO 17100 --- [ScholarTrack] [           main] c.s.ScholarTrackApplicationTests         : Starting ScholarTrackApplicationTests using Java 23.0.2 with PID 17100 (started by Promise in D:\Semester 7\WebTech\scholarTrack)
2025-10-13T12:07:17.779+02:00  INFO 17100 --- [ScholarTrack] [           main] c.s.ScholarTrackApplicationTests         : No active profile set, falling back to 1 default profile: "default"
2025-10-13T12:07:19.597+02:00  INFO 17100 --- [ScholarTrack] [           main] .s.d.r.c.RepositoryConfigurationDelegate : Bootstrapping Spring Data JPA repositories in DEFAULT mode.
2025-10-13T12:07:19.787+02:00  INFO 17100 --- [ScholarTrack] [           main] .s.d.r.c.RepositoryConfigurationDelegate : Finished Spring Data repository scanning in 166 ms. Found 4 JPA repository interfaces.
2025-10-13T12:07:21.122+02:00  INFO 17100 --- [ScholarTrack] [           main] o.hibernate.jpa.internal.util.LogHelper  : HHH000204: Processing PersistenceUnitInfo [name: default]
2025-10-13T12:07:21.291+02:00  INFO 17100 --- [ScholarTrack] [           main] org.hibernate.Version                    : HHH000412: Hibernate ORM core version 6.5.3.Final
2025-10-13T12:07:21.377+02:00  INFO 17100 --- [ScholarTrack] [           main] o.h.c.internal.RegionFactoryInitiator    : HHH000026: Second-level cache disabled
2025-10-13T12:07:22.403+02:00  INFO 17100 --- [ScholarTrack] [           main] o.s.o.j.p.SpringPersistenceUnitInfo      : No LoadTimeWeaver setup: ignoring JPA class transformer
2025-10-13T12:07:22.517+02:00  INFO 17100 --- [ScholarTrack] [           main] com.zaxxer.hikari.HikariDataSource       : HikariPool-1 - Starting...
2025-10-13T12:07:23.209+02:00  INFO 17100 --- [ScholarTrack] [           main] com.zaxxer.hikari.pool.HikariPool        : HikariPool-1 - Added connection org.postgresql.jdbc.PgConnection@2f1f9515
2025-10-13T12:07:23.212+02:00  INFO 17100 --- [ScholarTrack] [           main] com.zaxxer.hikari.HikariDataSource       : HikariPool-1 - Start completed.
2025-10-13T12:07:23.297+02:00  WARN 17100 --- [ScholarTrack] [           main] org.hibernate.orm.deprecation            : HHH90000025: PostgreSQLDialect does not need to be specified explicitly using 'hibernate.dialect' (remove the property setting and it will be selected by default)
2025-10-13T12:07:25.915+02:00  INFO 17100 --- [ScholarTrack] [           main] o.h.e.t.j.p.i.JtaPlatformInitiator       : HHH000489: No JTA platform available (set 'hibernate.transaction.jta.platform' to enable JTA platform integration)
Hibernate: 
    create table assignments (
        id uuid not null,
        due_date date,
        max_score float(53),
        score float(53),
        submitted_date date,
        title varchar(255) not null,
        student_id uuid not null,
        primary key (id)
    )
Hibernate: 
    create table attendance (
        id uuid not null,
        date date not null,
        present boolean not null,
        remarks varchar(512),
        student_id uuid not null,
        primary key (id)
    )
Hibernate: 
    create table grades (
        id uuid not null,
        course varchar(255) not null,
        grade_letter varchar(255),
        score float(53),
        term varchar(255) not null,
        student_id uuid not null,
        primary key (id)
    )
Hibernate: 
    create table students (
        id uuid not null,
        email varchar(255) not null,
        enrollment_date date not null,
        first_name varchar(255) not null,
        last_name varchar(255) not null,
        parent_email varchar(255),
        status varchar(255) not null check (status in ('ACTIVE','INACTIVE')),
        primary key (id)
    )
Hibernate: 
    create index idx_assignment_student 
       on assignments (student_id)
Hibernate: 
    create index idx_attendance_student 
       on attendance (student_id)
Hibernate: 
    create index idx_attendance_date 
       on attendance (date)
Hibernate: 
    create index idx_grade_student 
       on grades (student_id)
Hibernate: 
    alter table if exists students 
       drop constraint if exists idx_student_email
2025-10-13T12:07:26.142+02:00  WARN 17100 --- [ScholarTrack] [           main] o.h.engine.jdbc.spi.SqlExceptionHelper   : SQL Warning Code: 0, SQLState: 00000
2025-10-13T12:07:26.143+02:00  WARN 17100 --- [ScholarTrack] [           main] o.h.engine.jdbc.spi.SqlExceptionHelper   : constraint "idx_student_email" of relation "students" does not exist, skipping
Hibernate: 
    alter table if exists students 
       add constraint idx_student_email unique (email)
Hibernate: 
    alter table if exists assignments 
       add constraint FKn1mo9c6bajjx15gthydqdnv4b 
       foreign key (student_id) 
       references students
Hibernate: 
    alter table if exists attendance 
       add constraint FK7121lveuhtmu9wa6m90ayd5yg 
       foreign key (student_id) 
       references students
Hibernate: 
    alter table if exists grades 
       add constraint FK13a16545m7vvrcspc999r15s9 
       foreign key (student_id) 
       references students
2025-10-13T12:07:26.173+02:00  INFO 17100 --- [ScholarTrack] [           main] j.LocalContainerEntityManagerFactoryBean : Initialized JPA EntityManagerFactory for persistence unit 'default'
2025-10-13T12:07:27.633+02:00  WARN 17100 --- [ScholarTrack] [           main] JpaBaseConfiguration$JpaWebConfiguration : spring.jpa.open-in-view is enabled by default. Therefore, database queries may be performed during view rendering. Explicitly configure spring.jpa.open-in-view to disable this warning
2025-10-13T12:07:27.821+02:00  WARN 17100 --- [ScholarTrack] [           main] .s.s.UserDetailsServiceAutoConfiguration : 

Using generated security password: 7d9a7a21-c3a5-4616-aa0a-ba6e3f73b333

This generated password is for development use only. Your security configuration must be updated before running your application in production.

2025-10-13T12:07:27.922+02:00  INFO 17100 --- [ScholarTrack] [           main] r$InitializeUserDetailsManagerConfigurer : Global AuthenticationManager configured with UserDetailsService bean with name inMemoryUserDetailsManager
2025-10-13T12:07:29.813+02:00  INFO 17100 --- [ScholarTrack] [           main] c.s.ScholarTrackApplicationTests         : Started ScholarTrackApplicationTests in 12.751 seconds (process running for 15.605)
]]></system-out>
    <system-err><![CDATA[WARNING: A Java agent has been loaded dynamically (C:\Users\Promise\.m2\repository\net\bytebuddy\byte-buddy-agent\1.14.19\byte-buddy-agent-1.14.19.jar)
WARNING: If a serviceability tool is in use, please run with -XX:+EnableDynamicAgentLoading to hide this warning
WARNING: If a serviceability tool is not in use, please run with -Djdk.instrument.traceUsage for more information
WARNING: Dynamic loading of agents will be disallowed by default in a future release
]]></system-err>
  </testcase>
</testsuite>